<?xml version="1.0" encoding="UTF-8"?>
<testsuite name="com.me.sample.test.EmployeeTest" time="0.297" tests="1" errors="1" skipped="0" failures="0">
  <properties>
[...]
</properties>
  <testcase name="test" classname="com.me.sample.test.EmployeeTest" time="0.297">
    <error message="No Persistence provider for EntityManager named EmployeeService" type="javax.persistence.PersistenceException">javax.persistence.PersistenceException: No Persistence provider for EntityManager named EmployeeService
	at javax.persistence.Persistence.createEntityManagerFactory(Persistence.java:85)
	at javax.persistence.Persistence.createEntityManagerFactory(Persistence.java:54)
	at com.me.sample.test.EmployeeTest.init(EmployeeTest.java:21)
</error>
  </testcase>
</testsuite>